<?xml version="1.0" encoding="UTF-8"?>
<!-- Generated by org.testng.reporters.JUnitReportReporter -->
<testsuite hostname="Dharanidhar-PC" failures="0" tests="4" name="dharani.test.StandAloneTest" time="19.412" errors="0" timestamp="2025-05-04T12:12:07 IST" skipped="0">
  <testcase classname="dharani.test.StandAloneTest" name="OrderHistoryTest" time="2.327"/>
  <testcase classname="dharani.test.StandAloneTest" name="OrderHistoryTest" time="2.637"/>
  <testcase classname="dharani.test.StandAloneTest" name="SubmitOrder" time="7.411"/>
  <testcase classname="dharani.test.StandAloneTest" name="SubmitOrder" time="7.037"/>
</testsuite> <!-- dharani.test.StandAloneTest -->
