<?xml version="1.0" encoding="UTF-8"?>
<!-- Generated by org.testng.reporters.JUnitReportReporter -->
<testsuite hostname="Dharanidhar-PC" failures="0" tests="2" name="dharani.test.ErrorValidations" time="8.072" errors="0" timestamp="2025-04-19T11:04:12 IST" skipped="0">
  <testcase classname="dharani.test.ErrorValidations" name="LodinErrorValidation" time="2.229"/>
  <testcase classname="dharani.test.ErrorValidations" name="ProductErrorValation" time="5.843"/>
</testsuite> <!-- dharani.test.ErrorValidations -->
