<?xml version="1.0" encoding="UTF-8"?>
<!-- Generated by org.testng.reporters.JUnitReportReporter -->
<testsuite hostname="Dharanidhar-PC" failures="0" tests="1" name="cucumber.TestNgTestRunner" time="9.790" errors="0" timestamp="2025-05-10T21:40:41 IST" skipped="0">
  <testcase classname="cucumber.TestNgTestRunner" name="runScenario" time="9.790"/>
</testsuite> <!-- cucumber.TestNgTestRunner -->
