<?xml version="1.0" encoding="UTF-8"?>
<!-- Generated by org.testng.reporters.JUnitReportReporter -->
<testsuite hostname="Dharanidhar-PC" failures="0" tests="2" name="dharani.test.ErrorValidationsTest" time="11.990" errors="0" timestamp="2025-05-11T14:51:27 IST" skipped="0">
  <testcase classname="dharani.test.ErrorValidationsTest" name="ProductErrorValation" time="7.959"/>
  <testcase classname="dharani.test.ErrorValidationsTest" name="LoginErrorValidation" time="4.031"/>
</testsuite> <!-- dharani.test.ErrorValidationsTest -->
