<?xml version="1.0" encoding="UTF-8"?>
<!-- Generated by org.testng.reporters.JUnitReportReporter -->
<testsuite hostname="Dharanidhar-PC" failures="0" tests="4" name="dharani.test.StandAloneTest" time="26.542" errors="0" timestamp="2025-05-11T14:51:27 IST" skipped="0">
  <testcase classname="dharani.test.StandAloneTest" name="SubmitOrder" time="8.611"/>
  <testcase classname="dharani.test.StandAloneTest" name="OrderHistoryTest" time="3.895"/>
  <testcase classname="dharani.test.StandAloneTest" name="SubmitOrder" time="10.151"/>
  <testcase classname="dharani.test.StandAloneTest" name="OrderHistoryTest" time="3.885"/>
</testsuite> <!-- dharani.test.StandAloneTest -->
